<?xml version="1.0" encoding="UTF-8"?>
<!-- Generated by org.testng.reporters.JUnitXMLReporter -->
<testsuite hostname="Aarav-Desktop" name="Test" tests="4" failures="0" timestamp="2 Nov 2020 16:18:25 GMT" time="40.131" errors="0">
  <testcase name="initialize" time="9.821" classname="PractMaven.Homeprac.HomePage"/>
  <testcase name="initialize" time="7.796" classname="PractMaven.Homeprac.HomePage"/>
  <testcase name="initialize" time="11.366" classname="PractMaven.Homeprac.HomePage"/>
  <testcase name="initialize" time="11.11" classname="PractMaven.Homeprac.HomePage"/>
</testsuite> <!-- Test -->
